2025-06-11 06:49:34,351 - WARNING - [MÍNIMO] Falha na extração por título: 'NoneType' object has no attribute 'copy'
2025-06-11 06:56:35,859 - ERROR - [MÍNIMO] Falha também na extração por posição fixa: tuple index out of range
2025-06-12 04:46:18,474 - INFO - E-mail enviado com sucesso para MELINDA REIS CUNHA DE SOUSA (lumenprofile@gmail.com) com 4 arquivos.
2025-06-12 04:53:14,839 - INFO - E-mail enviado com sucesso para MELINDA REIS CUNHA DE SOUSA (lumenprofile@gmail.com) com 4 arquivos.
2025-06-12 04:55:40,971 - INFO - E-mail enviado com sucesso para MELINDA REIS CUNHA DE SOUSA (lumenprofile@gmail.com) com 4 arquivos.
2025-06-12 04:59:06,381 - INFO - E-mail enviado com sucesso para PEDRO BARBOSA DE SOUSA FILHO (pedro.sousa@laghettogolden.com.br) com 4 arquivos.
2025-06-12 04:59:14,330 - INFO - E-mail enviado com sucesso para SUELEN REIS CUNHA DE SOUSA (ti2@laghettomultipropriedade.com.br) com 4 arquivos.
2025-06-12 04:59:21,771 - INFO - E-mail enviado com sucesso para MELINDA REIS CUNHA DE SOUSA (lumenprofile@gmail.com) com 4 arquivos.
2025-06-12 05:14:10,179 - INFO - [MÍNIMO] Extração por título foi bem-sucedida.
2025-06-12 05:14:10,180 - WARNING - [MÍNIMO] Falha na extração por título: Coluna semelhante a "credor" não encontrada.
2025-06-12 05:14:10,180 - INFO - [MÍNIMO] Tentando extração por posição fixa.
2025-06-12 05:23:02,409 - INFO - [EXTRATO] Planilha EXTRATO.xlsx gerada com sucesso em PGC/30/
2025-06-12 05:26:21,920 - INFO - E-mail enviado com sucesso para MELINDA REIS CUNHA DE SOUSA (lumenprofile@gmail.com) com 4 arquivos.
2025-06-12 05:26:22,827 - INFO - E-mail enviado com sucesso para PEDRO BARBOSA DE SOUSA FILHO (pedro.sousa@laghettogolden.com.br) com 4 arquivos.
2025-06-12 05:26:23,327 - INFO - E-mail enviado com sucesso para MELINDA REIS CUNHA DE SOUSA (lumenprofile@gmail.com) com 4 arquivos.
2025-06-12 05:26:23,752 - INFO - E-mail enviado com sucesso para SUELEN REIS CUNHA DE SOUSA (ti2@laghettomultipropriedade.com.br) com 4 arquivos.
2025-06-12 05:26:24,192 - INFO - E-mail enviado com sucesso para PEDRO BARBOSA DE SOUSA FILHO (pedro.sousa@laghettogolden.com.br) com 4 arquivos.
2025-06-12 05:26:24,932 - INFO - E-mail enviado com sucesso para SUELEN REIS CUNHA DE SOUSA (ti2@laghettomultipropriedade.com.br) com 4 arquivos.
2025-06-12 05:32:34,228 - INFO - E-mail enviado com sucesso para MELINDA REIS CUNHA DE SOUSA (lumenprofile@gmail.com) com 4 arquivos.
2025-06-12 10:14:45,645 - INFO - [MÍNIMO] Extração por título foi bem-sucedida.
2025-06-12 10:14:45,646 - WARNING - [MÍNIMO] Falha na extração por título: Coluna semelhante a "credor" não encontrada.
2025-06-12 10:14:45,646 - INFO - [MÍNIMO] Tentando extração por posição fixa.
2025-06-12 10:23:46,000 - INFO - [EXTRATO] Planilha EXTRATO.xlsx gerada com sucesso em PGC/35/
2025-06-12 10:54:00,649 - INFO - E-mail enviado com sucesso para SUELEN REIS CUNHA DE SOUSA (ti2@laghettomultipropriedade.com.br) com 4 arquivos.
2025-06-13 06:45:14,016 - INFO - [MÍNIMO] Extração por título foi bem-sucedida.
2025-06-13 06:45:14,016 - WARNING - [MÍNIMO] Falha na extração por título: Coluna semelhante a "credor" não encontrada.
2025-06-13 06:45:14,017 - INFO - [MÍNIMO] Tentando extração por posição fixa.
2025-06-13 06:57:07,733 - INFO - E-mail enviado com sucesso para PEDRO BARBOSA DE SOUSA FILHO (pedro.sousa@laghettogolden.com.br) com 4 arquivos.
2025-06-13 06:57:08,680 - INFO - E-mail enviado com sucesso para SUELEN REIS CUNHA DE SOUSA (ti2@laghettomultipropriedade.com.br) com 4 arquivos.
2025-06-13 06:59:08,857 - INFO - E-mail enviado com sucesso para MELINDA REIS CUNHA DE SOUSA (lumenprofile@gmail.com) com 4 arquivos.
2025-06-13 07:07:05,835 - INFO - [MÍNIMO] Extração por título foi bem-sucedida.
2025-06-13 07:07:05,836 - WARNING - [MÍNIMO] Falha na extração por título: Coluna semelhante a "credor" não encontrada.
2025-06-13 07:07:05,836 - INFO - [MÍNIMO] Tentando extração por posição fixa.
2025-06-13 07:32:34,341 - INFO - [MÍNIMO] Extração por título foi bem-sucedida.
2025-06-13 07:32:34,342 - WARNING - [MÍNIMO] Falha na extração por título: Coluna semelhante a "credor" não encontrada.
2025-06-13 07:32:34,342 - INFO - [MÍNIMO] Tentando extração por posição fixa.
2025-06-13 07:36:42,915 - INFO - [MÍNIMO] Extração por título foi bem-sucedida.
2025-06-13 07:36:42,916 - WARNING - [MÍNIMO] Falha na extração por título: Coluna semelhante a "credor" não encontrada.
2025-06-13 07:36:42,916 - INFO - [MÍNIMO] Tentando extração por posição fixa.
2025-06-13 08:05:11,703 - INFO - [MÍNIMO] Extração por título foi bem-sucedida.
2025-06-13 08:05:11,704 - WARNING - [MÍNIMO] Falha na extração por título: Coluna semelhante a "credor" não encontrada.
2025-06-13 08:05:11,704 - INFO - [MÍNIMO] Tentando extração por posição fixa.
2025-06-13 08:32:24,523 - INFO - [MÍNIMO] Extração por título foi bem-sucedida.
2025-06-13 08:32:24,523 - WARNING - [MÍNIMO] Falha na extração por título: Coluna semelhante a "credor" não encontrada.
2025-06-13 08:32:24,523 - INFO - [MÍNIMO] Tentando extração por posição fixa.
2025-06-13 08:50:19,154 - INFO - [MÍNIMO] Extração por título foi bem-sucedida.
2025-06-13 08:50:19,155 - WARNING - [MÍNIMO] Falha na extração por título: Coluna semelhante a "credor" não encontrada.
2025-06-13 08:50:19,155 - INFO - [MÍNIMO] Tentando extração por posição fixa.
2025-06-13 09:17:32,322 - INFO - [MÍNIMO] Extração por título foi bem-sucedida.
2025-06-13 09:17:32,323 - WARNING - [MÍNIMO] Falha na extração por título: Coluna semelhante a "credor" não encontrada.
2025-06-13 09:17:32,323 - INFO - [MÍNIMO] Tentando extração por posição fixa.
2025-06-13 10:02:27,196 - INFO - [MÍNIMO] Extração por título foi bem-sucedida.
2025-06-13 10:02:27,197 - WARNING - [MÍNIMO] Falha na extração por título: Coluna semelhante a "credor" não encontrada.
2025-06-13 10:02:27,197 - INFO - [MÍNIMO] Tentando extração por posição fixa.
2025-06-13 11:26:10,844 - INFO - E-mail enviado com sucesso para FRANCISCO HERMESON BATISTA DOS SANTOS (ti2@laghettomultipropriedade.com.br) com 4 arquivos.
2025-06-13 11:26:12,120 - INFO - E-mail enviado com sucesso para FRANCISCO HERMESON BATISTA DOS SANTOS (ti2@laghettomultipropriedade.com.br) com 4 arquivos.
2025-06-13 11:26:12,132 - INFO - E-mail enviado com sucesso para FRANCISCO HERMESON BATISTA DOS SANTOS 60696977311 (ti2@laghettomultipropriedade.com.br) com 4 arquivos.
2025-06-13 11:26:13,227 - INFO - E-mail enviado com sucesso para FRANCISCO HERMESON BATISTA DOS SANTOS 60696977311 (ti2@laghettomultipropriedade.com.br) com 4 arquivos.
2025-06-13 14:25:08,501 - INFO - [MÍNIMO] Extração por título foi bem-sucedida.
2025-06-13 14:25:08,502 - WARNING - [MÍNIMO] Falha na extração por título: Coluna semelhante a "credor" não encontrada.
2025-06-13 14:25:08,502 - INFO - [MÍNIMO] Tentando extração por posição fixa.
2025-06-13 15:27:20,358 - INFO - E-mail enviado com sucesso para ADRIELLE GOMES BRANDAO (ti2@laghettomultipropriedade.com.br) com 1 arquivos.
